<?xml version="1.0" encoding="UTF-8"?>
<testng-results ignored="2" total="6" passed="3" failed="1" skipped="0">
  <reporter-output>
  </reporter-output>
  <suite started-at="2023-02-07T22:02:18 IST" name="Suite" finished-at="2023-02-07T22:02:36 IST" duration-ms="18453">
    <groups>
      <group name="regession">
        <method signature="PimTest.verifyEmpSearchEmpId()[pri:6, instance:test.PimTest@78123e82]" name="verifyEmpSearchEmpId" class="test.PimTest"/>
        <method signature="PimTest.verifyEmployname()[pri:5, instance:test.PimTest@78123e82]" name="verifyEmployname" class="test.PimTest"/>
        <method signature="PimTest.verifyPIMpageTitle()[pri:4, instance:test.PimTest@78123e82]" name="verifyPIMpageTitle" class="test.PimTest"/>
        <method signature="PimTest.verifyaddButton()[pri:7, instance:test.PimTest@78123e82]" name="verifyaddButton" class="test.PimTest"/>
      </group> <!-- regession -->
      <group name="smoke">
        <method signature="PimTest.verifyEmpSearchEmpId()[pri:6, instance:test.PimTest@78123e82]" name="verifyEmpSearchEmpId" class="test.PimTest"/>
        <method signature="PimTest.verifyEmployname()[pri:5, instance:test.PimTest@78123e82]" name="verifyEmployname" class="test.PimTest"/>
        <method signature="PimTest.verifyPIMpageTitle()[pri:4, instance:test.PimTest@78123e82]" name="verifyPIMpageTitle" class="test.PimTest"/>
        <method signature="PimTest.verifyaddButton()[pri:7, instance:test.PimTest@78123e82]" name="verifyaddButton" class="test.PimTest"/>
      </group> <!-- smoke -->
    </groups>
    <test started-at="2023-02-07T22:02:18 IST" name="Test" finished-at="2023-02-07T22:02:36 IST" duration-ms="18453">
      <class name="test.CommonTest">
        <test-method is-config="true" signature="initBrowser()[pri:0, instance:test.CommonTest@759d26fb]" started-at="2023-02-07T22:02:07 IST" name="initBrowser" finished-at="2023-02-07T22:02:18 IST" duration-ms="10971" status="PASS">
          <reporter-output>
          </reporter-output>
        </test-method> <!-- initBrowser -->
        <test-method is-config="true" signature="tearDownEnvirnment()[pri:0, instance:test.CommonTest@759d26fb]" started-at="2023-02-07T22:02:36 IST" name="tearDownEnvirnment" finished-at="2023-02-07T22:02:36 IST" duration-ms="282" status="PASS">
          <reporter-output>
          </reporter-output>
        </test-method> <!-- tearDownEnvirnment -->
      </class> <!-- test.CommonTest -->
      <class name="test.PimTest">
        <test-method is-config="true" signature="pageobjects()[pri:0, instance:test.PimTest@78123e82]" started-at="2023-02-07T22:02:18 IST" name="pageobjects" finished-at="2023-02-07T22:02:18 IST" duration-ms="23" status="PASS">
          <reporter-output>
          </reporter-output>
        </test-method> <!-- pageobjects -->
        <test-method is-config="true" signature="login()[pri:0, instance:test.PimTest@78123e82]" started-at="2023-02-07T22:02:18 IST" name="login" finished-at="2023-02-07T22:02:21 IST" duration-ms="3045" status="PASS">
          <reporter-output>
          </reporter-output>
        </test-method> <!-- login -->
        <test-method signature="verifyPIMpageTitle()[pri:4, instance:test.PimTest@78123e82]" started-at="2023-02-07T22:02:21 IST" name="verifyPIMpageTitle" finished-at="2023-02-07T22:02:22 IST" duration-ms="1566" status="PASS">
          <reporter-output>
          </reporter-output>
        </test-method> <!-- verifyPIMpageTitle -->
        <test-method signature="verifyEmployname()[pri:5, instance:test.PimTest@78123e82]" started-at="2023-02-07T22:02:22 IST" name="verifyEmployname" finished-at="2023-02-07T22:02:33 IST" duration-ms="10190" status="FAIL">
          <exception class="java.lang.IndexOutOfBoundsException">
            <message>
              <![CDATA[Index 0 out of bounds for length 0]]>
            </message>
            <full-stacktrace>
              <![CDATA[java.lang.IndexOutOfBoundsException: Index 0 out of bounds for length 0
at java.base/jdk.internal.util.Preconditions.outOfBounds(Preconditions.java:64)
at java.base/jdk.internal.util.Preconditions.outOfBoundsCheckIndex(Preconditions.java:70)
at java.base/jdk.internal.util.Preconditions.checkIndex(Preconditions.java:266)
at java.base/java.util.Objects.checkIndex(Objects.java:359)
at java.base/java.util.ArrayList.get(ArrayList.java:427)
at mainjava.PimPage.getserchdataempname(PimPage.java:101)
at test.PimTest.verifyEmployname(PimTest.java:31)
at java.base/jdk.internal.reflect.NativeMethodAccessorImpl.invoke0(Native Method)
at java.base/jdk.internal.reflect.NativeMethodAccessorImpl.invoke(NativeMethodAccessorImpl.java:77)
at java.base/jdk.internal.reflect.DelegatingMethodAccessorImpl.invoke(DelegatingMethodAccessorImpl.java:43)
at java.base/java.lang.reflect.Method.invoke(Method.java:568)
at org.testng.internal.MethodInvocationHelper.invokeMethod(MethodInvocationHelper.java:133)
at org.testng.internal.TestInvoker.invokeMethod(TestInvoker.java:598)
at org.testng.internal.TestInvoker.invokeTestMethod(TestInvoker.java:173)
at org.testng.internal.MethodRunner.runInSequence(MethodRunner.java:46)
at org.testng.internal.TestInvoker$MethodInvocationAgent.invoke(TestInvoker.java:824)
at org.testng.internal.TestInvoker.invokeTestMethods(TestInvoker.java:146)
at org.testng.internal.TestMethodWorker.invokeTestMethods(TestMethodWorker.java:146)
at org.testng.internal.TestMethodWorker.run(TestMethodWorker.java:128)
at java.base/java.util.ArrayList.forEach(ArrayList.java:1511)
at org.testng.TestRunner.privateRun(TestRunner.java:794)
at org.testng.TestRunner.run(TestRunner.java:596)
at org.testng.SuiteRunner.runTest(SuiteRunner.java:377)
at org.testng.SuiteRunner.runSequentially(SuiteRunner.java:371)
at org.testng.SuiteRunner.privateRun(SuiteRunner.java:332)
at org.testng.SuiteRunner.run(SuiteRunner.java:276)
at org.testng.SuiteRunnerWorker.runSuite(SuiteRunnerWorker.java:53)
at org.testng.SuiteRunnerWorker.run(SuiteRunnerWorker.java:96)
at org.testng.TestNG.runSuitesSequentially(TestNG.java:1212)
at org.testng.TestNG.runSuitesLocally(TestNG.java:1134)
at org.testng.TestNG.runSuites(TestNG.java:1063)
at org.testng.TestNG.run(TestNG.java:1031)
at org.testng.remote.AbstractRemoteTestNG.run(AbstractRemoteTestNG.java:115)
at org.testng.remote.RemoteTestNG.initAndRun(RemoteTestNG.java:251)
at org.testng.remote.RemoteTestNG.main(RemoteTestNG.java:77)
]]>
            </full-stacktrace>
          </exception> <!-- java.lang.IndexOutOfBoundsException -->
          <reporter-output>
          </reporter-output>
        </test-method> <!-- verifyEmployname -->
        <test-method signature="verifyEmpSearchEmpId()[pri:6, instance:test.PimTest@78123e82]" started-at="2023-02-07T22:02:33 IST" name="verifyEmpSearchEmpId" finished-at="2023-02-07T22:02:33 IST" duration-ms="512" status="PASS">
          <reporter-output>
          </reporter-output>
        </test-method> <!-- verifyEmpSearchEmpId -->
        <test-method signature="verifyaddButton()[pri:7, instance:test.PimTest@78123e82]" started-at="2023-02-07T22:02:33 IST" name="verifyaddButton" finished-at="2023-02-07T22:02:34 IST" duration-ms="923" status="PASS">
          <reporter-output>
          </reporter-output>
        </test-method> <!-- verifyaddButton -->
        <test-method is-config="true" signature="teardownLogout()[pri:0, instance:test.PimTest@78123e82]" started-at="2023-02-07T22:02:34 IST" name="teardownLogout" finished-at="2023-02-07T22:02:36 IST" duration-ms="2168" status="PASS">
          <reporter-output>
          </reporter-output>
        </test-method> <!-- teardownLogout -->
      </class> <!-- test.PimTest -->
    </test> <!-- Test -->
  </suite> <!-- Suite -->
</testng-results>
