<?xml version="1.0" encoding="UTF-8"?>
<!-- Generated by org.testng.reporters.JUnitXMLReporter -->
<testsuite ignored="2" hostname="DESKTOP-83U9K5D" failures="1" tests="4" name="Test" time="18.453" errors="0" timestamp="2023-02-07T22:02:36 IST">
  <testcase classname="test.PimTest" name="verifyPIMpageTitle" time="1.566"/>
  <testcase classname="test.PimTest" name="verifyEmployname" time="10.19">
    <failure type="java.lang.IndexOutOfBoundsException" message="Index 0 out of bounds for length 0">
      <![CDATA[java.lang.IndexOutOfBoundsException: Index 0 out of bounds for length 0
at java.base/jdk.internal.util.Preconditions.outOfBounds(Preconditions.java:64)
at java.base/jdk.internal.util.Preconditions.outOfBoundsCheckIndex(Preconditions.java:70)
at java.base/jdk.internal.util.Preconditions.checkIndex(Preconditions.java:266)
at java.base/java.util.Objects.checkIndex(Objects.java:359)
at java.base/java.util.ArrayList.get(ArrayList.java:427)
at mainjava.PimPage.getserchdataempname(PimPage.java:101)
at test.PimTest.verifyEmployname(PimTest.java:31)
at java.base/java.util.ArrayList.forEach(ArrayList.java:1511)
... Removed 27 stack frames]]>
    </failure>
  </testcase> <!-- verifyEmployname -->
  <testcase classname="test.PimTest" name="verifyEmpSearchEmpId" time="0.512"/>
  <testcase classname="test.PimTest" name="verifyaddButton" time="0.923"/>
  <testcase classname="test.BaseTest" name="@AfterSuite tearDownEnvirnment" time="0.0">
    <ignored/>
  </testcase> <!-- @AfterSuite tearDownEnvirnment -->
  <testcase classname="test.BaseTest" name="@BeforeSuite initBrowser" time="0.0">
    <ignored/>
  </testcase> <!-- @BeforeSuite initBrowser -->
</testsuite> <!-- Test -->
